2019-01-07 20:10:27 - PHP Notice:  Undefined variable: text_information in E:\WebCode\MainProjects\OSPanel\domains\Razumenko-AV.loc\catalog\view\theme\remprof\template\common\header.tpl on line 106
2019-01-07 20:10:27 - PHP Notice:  Undefined variable: informations in E:\WebCode\MainProjects\OSPanel\domains\Razumenko-AV.loc\catalog\view\theme\remprof\template\common\header.tpl on line 112
2019-01-07 20:31:41 - PHP Notice:  Undefined variable: text_information in E:\WebCode\MainProjects\OSPanel\domains\Razumenko-AV.loc\catalog\view\theme\remprof\template\common\header.tpl on line 106
2019-01-07 20:31:41 - PHP Notice:  Undefined variable: informations in E:\WebCode\MainProjects\OSPanel\domains\Razumenko-AV.loc\catalog\view\theme\remprof\template\common\header.tpl on line 112
2019-01-07 20:38:10 - PHP Notice:  Undefined variable: text_information in E:\WebCode\MainProjects\OSPanel\domains\Razumenko-AV.loc\catalog\view\theme\remprof\template\common\header.tpl on line 106
2019-01-07 20:38:10 - PHP Notice:  Undefined variable: informations in E:\WebCode\MainProjects\OSPanel\domains\Razumenko-AV.loc\catalog\view\theme\remprof\template\common\header.tpl on line 112
2019-01-07 20:50:48 - PHP Notice:  Undefined variable: text_information in E:\WebCode\MainProjects\OSPanel\domains\Razumenko-AV.loc\catalog\view\theme\remprof\template\common\header.tpl on line 106
2019-01-07 20:50:48 - PHP Notice:  Undefined variable: informations in E:\WebCode\MainProjects\OSPanel\domains\Razumenko-AV.loc\catalog\view\theme\remprof\template\common\header.tpl on line 112
2019-01-07 21:12:05 - PHP Notice:  Undefined variable: text_contact in E:\WebCode\MainProjects\OSPanel\domains\Razumenko-AV.loc\catalog\view\theme\remprof\template\common\header.tpl on line 119
2019-01-07 21:13:46 - PHP Notice:  Undefined variable: text_contact in E:\WebCode\MainProjects\OSPanel\domains\Razumenko-AV.loc\catalog\view\theme\remprof\template\common\header.tpl on line 119
2019-01-07 21:13:50 - PHP Notice:  Undefined variable: text_contact in E:\WebCode\MainProjects\OSPanel\domains\Razumenko-AV.loc\catalog\view\theme\remprof\template\common\header.tpl on line 119
2019-01-26 21:05:24 - PHP Notice:  Undefined variable: logo in E:\WebCode\MainProjects\OSPanel\domains\Razumenko-AV.loc\catalog\view\theme\remprof\template\common\home.tpl on line 5
2019-01-26 21:05:24 - PHP Notice:  Undefined variable: name in E:\WebCode\MainProjects\OSPanel\domains\Razumenko-AV.loc\catalog\view\theme\remprof\template\common\home.tpl on line 5
2019-01-26 21:05:24 - PHP Notice:  Undefined variable: name in E:\WebCode\MainProjects\OSPanel\domains\Razumenko-AV.loc\catalog\view\theme\remprof\template\common\home.tpl on line 5
2019-01-26 21:22:30 - PHP Notice:  Undefined variable: server in E:\WebCode\MainProjects\OSPanel\domains\Razumenko-AV.loc\system\storage\modification\catalog\controller\common\home.php on line 14
2019-01-26 21:22:30 - PHP Notice:  Undefined variable: name in E:\WebCode\MainProjects\OSPanel\domains\Razumenko-AV.loc\catalog\view\theme\remprof\template\common\home.tpl on line 5
2019-01-26 21:22:30 - PHP Notice:  Undefined variable: name in E:\WebCode\MainProjects\OSPanel\domains\Razumenko-AV.loc\catalog\view\theme\remprof\template\common\home.tpl on line 5
2019-01-26 21:31:02 - PHP Notice:  Undefined variable: server in E:\WebCode\MainProjects\OSPanel\domains\Razumenko-AV.loc\system\storage\modification\catalog\controller\common\home.php on line 14
2019-01-26 21:31:02 - PHP Notice:  Undefined variable: name in E:\WebCode\MainProjects\OSPanel\domains\Razumenko-AV.loc\catalog\view\theme\remprof\template\common\home.tpl on line 5
2019-01-26 21:31:02 - PHP Notice:  Undefined variable: name in E:\WebCode\MainProjects\OSPanel\domains\Razumenko-AV.loc\catalog\view\theme\remprof\template\common\home.tpl on line 5
2019-01-26 21:34:12 - PHP Notice:  Undefined variable: server in E:\WebCode\MainProjects\OSPanel\domains\Razumenko-AV.loc\system\storage\modification\catalog\controller\common\home.php on line 14
2019-01-26 21:34:12 - PHP Notice:  Undefined variable: name in E:\WebCode\MainProjects\OSPanel\domains\Razumenko-AV.loc\catalog\view\theme\remprof\template\common\home.tpl on line 5
2019-01-26 21:34:12 - PHP Notice:  Undefined variable: name in E:\WebCode\MainProjects\OSPanel\domains\Razumenko-AV.loc\catalog\view\theme\remprof\template\common\home.tpl on line 5
2019-01-26 21:52:40 - PHP Notice:  Undefined variable: server in E:\WebCode\MainProjects\OSPanel\domains\Razumenko-AV.loc\system\storage\modification\catalog\controller\common\home.php on line 14
2019-01-26 21:52:40 - PHP Notice:  Undefined variable: name in E:\WebCode\MainProjects\OSPanel\domains\Razumenko-AV.loc\catalog\view\theme\remprof\template\common\home.tpl on line 5
2019-01-26 21:52:40 - PHP Notice:  Undefined variable: name in E:\WebCode\MainProjects\OSPanel\domains\Razumenko-AV.loc\catalog\view\theme\remprof\template\common\home.tpl on line 5
2019-01-26 21:54:57 - PHP Notice:  Undefined variable: server in E:\WebCode\MainProjects\OSPanel\domains\Razumenko-AV.loc\system\storage\modification\catalog\controller\common\home.php on line 14
2019-01-26 21:54:57 - PHP Notice:  Undefined variable: name in E:\WebCode\MainProjects\OSPanel\domains\Razumenko-AV.loc\catalog\view\theme\remprof\template\common\home.tpl on line 5
2019-01-26 21:54:57 - PHP Notice:  Undefined variable: name in E:\WebCode\MainProjects\OSPanel\domains\Razumenko-AV.loc\catalog\view\theme\remprof\template\common\home.tpl on line 5
2019-01-26 22:05:12 - PHP Notice:  Undefined variable: server in E:\WebCode\MainProjects\OSPanel\domains\Razumenko-AV.loc\system\storage\modification\catalog\controller\common\home.php on line 14
2019-01-26 22:05:12 - PHP Notice:  Undefined variable: name in E:\WebCode\MainProjects\OSPanel\domains\Razumenko-AV.loc\catalog\view\theme\remprof\template\common\home.tpl on line 5
2019-01-26 22:05:12 - PHP Notice:  Undefined variable: name in E:\WebCode\MainProjects\OSPanel\domains\Razumenko-AV.loc\catalog\view\theme\remprof\template\common\home.tpl on line 5
2019-01-26 22:07:19 - PHP Notice:  Undefined variable: server in E:\WebCode\MainProjects\OSPanel\domains\Razumenko-AV.loc\system\storage\modification\catalog\controller\common\home.php on line 14
2019-01-26 22:07:19 - PHP Notice:  Undefined variable: name in E:\WebCode\MainProjects\OSPanel\domains\Razumenko-AV.loc\catalog\view\theme\remprof\template\common\home.tpl on line 5
2019-01-26 22:07:19 - PHP Notice:  Undefined variable: name in E:\WebCode\MainProjects\OSPanel\domains\Razumenko-AV.loc\catalog\view\theme\remprof\template\common\home.tpl on line 5
2019-01-26 22:07:34 - PHP Notice:  Undefined variable: server in E:\WebCode\MainProjects\OSPanel\domains\Razumenko-AV.loc\system\storage\modification\catalog\controller\common\home.php on line 14
2019-01-26 22:07:34 - PHP Notice:  Undefined variable: name in E:\WebCode\MainProjects\OSPanel\domains\Razumenko-AV.loc\catalog\view\theme\remprof\template\common\home.tpl on line 5
2019-01-26 22:07:34 - PHP Notice:  Undefined variable: name in E:\WebCode\MainProjects\OSPanel\domains\Razumenko-AV.loc\catalog\view\theme\remprof\template\common\home.tpl on line 5
2019-01-26 22:08:58 - PHP Notice:  Undefined variable: server in E:\WebCode\MainProjects\OSPanel\domains\Razumenko-AV.loc\system\storage\modification\catalog\controller\common\home.php on line 14
2019-01-26 22:08:58 - PHP Notice:  Undefined variable: name in E:\WebCode\MainProjects\OSPanel\domains\Razumenko-AV.loc\catalog\view\theme\remprof\template\common\home.tpl on line 5
2019-01-26 22:08:58 - PHP Notice:  Undefined variable: name in E:\WebCode\MainProjects\OSPanel\domains\Razumenko-AV.loc\catalog\view\theme\remprof\template\common\home.tpl on line 5
2019-01-26 22:10:18 - PHP Notice:  Undefined variable: server in E:\WebCode\MainProjects\OSPanel\domains\Razumenko-AV.loc\system\storage\modification\catalog\controller\common\home.php on line 14
2019-01-26 22:10:18 - PHP Notice:  Undefined variable: name in E:\WebCode\MainProjects\OSPanel\domains\Razumenko-AV.loc\catalog\view\theme\remprof\template\common\home.tpl on line 5
2019-01-26 22:10:18 - PHP Notice:  Undefined variable: name in E:\WebCode\MainProjects\OSPanel\domains\Razumenko-AV.loc\catalog\view\theme\remprof\template\common\home.tpl on line 5
2019-01-26 22:11:37 - PHP Notice:  Undefined variable: name in E:\WebCode\MainProjects\OSPanel\domains\Razumenko-AV.loc\catalog\view\theme\remprof\template\common\home.tpl on line 5
2019-01-26 22:11:37 - PHP Notice:  Undefined variable: name in E:\WebCode\MainProjects\OSPanel\domains\Razumenko-AV.loc\catalog\view\theme\remprof\template\common\home.tpl on line 5
2019-01-26 22:12:01 - PHP Notice:  Undefined variable: server in E:\WebCode\MainProjects\OSPanel\domains\Razumenko-AV.loc\system\storage\modification\catalog\controller\common\home.php on line 14
2019-01-26 22:12:02 - PHP Notice:  Undefined variable: name in E:\WebCode\MainProjects\OSPanel\domains\Razumenko-AV.loc\catalog\view\theme\remprof\template\common\home.tpl on line 5
2019-01-26 22:12:02 - PHP Notice:  Undefined variable: name in E:\WebCode\MainProjects\OSPanel\domains\Razumenko-AV.loc\catalog\view\theme\remprof\template\common\home.tpl on line 5
2019-01-26 22:12:43 - PHP Notice:  Undefined variable: server in E:\WebCode\MainProjects\OSPanel\domains\Razumenko-AV.loc\system\storage\modification\catalog\controller\common\home.php on line 14
2019-01-26 22:12:43 - PHP Notice:  Undefined variable: name in E:\WebCode\MainProjects\OSPanel\domains\Razumenko-AV.loc\catalog\view\theme\remprof\template\common\home.tpl on line 5
2019-01-26 22:12:43 - PHP Notice:  Undefined variable: name in E:\WebCode\MainProjects\OSPanel\domains\Razumenko-AV.loc\catalog\view\theme\remprof\template\common\home.tpl on line 5
2019-01-26 22:17:20 - PHP Notice:  Undefined variable: server in E:\WebCode\MainProjects\OSPanel\domains\Razumenko-AV.loc\system\storage\modification\catalog\controller\common\home.php on line 14
2019-01-26 22:17:20 - PHP Notice:  Undefined variable: name in E:\WebCode\MainProjects\OSPanel\domains\Razumenko-AV.loc\catalog\view\theme\remprof\template\common\home.tpl on line 5
2019-01-26 22:17:20 - PHP Notice:  Undefined variable: name in E:\WebCode\MainProjects\OSPanel\domains\Razumenko-AV.loc\catalog\view\theme\remprof\template\common\home.tpl on line 5
2019-01-26 22:19:56 - PHP Notice:  Undefined variable: server in E:\WebCode\MainProjects\OSPanel\domains\Razumenko-AV.loc\system\storage\modification\catalog\controller\common\home.php on line 14
2019-01-26 22:19:56 - PHP Notice:  Undefined variable: name in E:\WebCode\MainProjects\OSPanel\domains\Razumenko-AV.loc\catalog\view\theme\remprof\template\common\home.tpl on line 5
2019-01-26 22:19:56 - PHP Notice:  Undefined variable: name in E:\WebCode\MainProjects\OSPanel\domains\Razumenko-AV.loc\catalog\view\theme\remprof\template\common\home.tpl on line 5
2019-01-26 22:26:17 - PHP Notice:  Undefined variable: server in E:\WebCode\MainProjects\OSPanel\domains\Razumenko-AV.loc\system\storage\modification\catalog\controller\common\home.php on line 14
2019-01-26 22:26:18 - PHP Notice:  Undefined variable: name in E:\WebCode\MainProjects\OSPanel\domains\Razumenko-AV.loc\catalog\view\theme\remprof\template\common\home.tpl on line 5
2019-01-26 22:26:18 - PHP Notice:  Undefined variable: name in E:\WebCode\MainProjects\OSPanel\domains\Razumenko-AV.loc\catalog\view\theme\remprof\template\common\home.tpl on line 5
2019-01-26 22:26:51 - PHP Notice:  Undefined variable: logo in E:\WebCode\MainProjects\OSPanel\domains\Razumenko-AV.loc\catalog\view\theme\remprof\template\common\home.tpl on line 5
2019-01-26 22:26:51 - PHP Notice:  Undefined variable: name in E:\WebCode\MainProjects\OSPanel\domains\Razumenko-AV.loc\catalog\view\theme\remprof\template\common\home.tpl on line 5
2019-01-26 22:26:51 - PHP Notice:  Undefined variable: name in E:\WebCode\MainProjects\OSPanel\domains\Razumenko-AV.loc\catalog\view\theme\remprof\template\common\home.tpl on line 5
2019-01-26 22:27:27 - PHP Notice:  Undefined variable: server in E:\WebCode\MainProjects\OSPanel\domains\Razumenko-AV.loc\system\storage\modification\catalog\controller\common\home.php on line 14
2019-01-26 22:27:28 - PHP Notice:  Undefined variable: name in E:\WebCode\MainProjects\OSPanel\domains\Razumenko-AV.loc\catalog\view\theme\remprof\template\common\home.tpl on line 5
2019-01-26 22:27:28 - PHP Notice:  Undefined variable: name in E:\WebCode\MainProjects\OSPanel\domains\Razumenko-AV.loc\catalog\view\theme\remprof\template\common\home.tpl on line 5
2019-01-26 22:28:39 - PHP Notice:  Undefined variable: logo in E:\WebCode\MainProjects\OSPanel\domains\Razumenko-AV.loc\catalog\view\theme\remprof\template\common\home.tpl on line 5
2019-01-26 22:28:39 - PHP Notice:  Undefined variable: name in E:\WebCode\MainProjects\OSPanel\domains\Razumenko-AV.loc\catalog\view\theme\remprof\template\common\home.tpl on line 5
2019-01-26 22:28:39 - PHP Notice:  Undefined variable: name in E:\WebCode\MainProjects\OSPanel\domains\Razumenko-AV.loc\catalog\view\theme\remprof\template\common\home.tpl on line 5
2019-01-26 22:36:37 - PHP Notice:  Undefined variable: server in E:\WebCode\MainProjects\OSPanel\domains\Razumenko-AV.loc\system\storage\modification\catalog\controller\common\home.php on line 14
2019-01-26 22:36:38 - PHP Notice:  Undefined variable: name in E:\WebCode\MainProjects\OSPanel\domains\Razumenko-AV.loc\catalog\view\theme\remprof\template\common\home.tpl on line 5
2019-01-26 22:36:38 - PHP Notice:  Undefined variable: name in E:\WebCode\MainProjects\OSPanel\domains\Razumenko-AV.loc\catalog\view\theme\remprof\template\common\home.tpl on line 5
2019-01-26 22:40:41 - PHP Notice:  Undefined property: Action::$config in E:\WebCode\MainProjects\OSPanel\domains\Razumenko-AV.loc\system\storage\modification\catalog\controller\common\home.php on line 24
2019-01-26 22:42:03 - PHP Notice:  Undefined variable: server in E:\WebCode\MainProjects\OSPanel\domains\Razumenko-AV.loc\system\storage\modification\catalog\controller\common\home.php on line 14
2019-01-26 22:42:03 - PHP Notice:  Undefined variable: server in E:\WebCode\MainProjects\OSPanel\domains\Razumenko-AV.loc\system\storage\modification\catalog\controller\common\home.php on line 20
2019-01-26 22:42:03 - PHP Notice:  Undefined variable: name in E:\WebCode\MainProjects\OSPanel\domains\Razumenko-AV.loc\catalog\view\theme\remprof\template\common\home.tpl on line 5
2019-01-26 22:42:03 - PHP Notice:  Undefined variable: name in E:\WebCode\MainProjects\OSPanel\domains\Razumenko-AV.loc\catalog\view\theme\remprof\template\common\home.tpl on line 5
2019-01-26 22:46:20 - PHP Notice:  Undefined variable: name in E:\WebCode\MainProjects\OSPanel\domains\Razumenko-AV.loc\catalog\view\theme\remprof\template\common\home.tpl on line 5
2019-01-26 22:46:20 - PHP Notice:  Undefined variable: name in E:\WebCode\MainProjects\OSPanel\domains\Razumenko-AV.loc\catalog\view\theme\remprof\template\common\home.tpl on line 5
2019-01-26 22:48:52 - PHP Notice:  Undefined variable: name in E:\WebCode\MainProjects\OSPanel\domains\Razumenko-AV.loc\catalog\view\theme\remprof\template\common\home.tpl on line 5
2019-01-26 22:48:52 - PHP Notice:  Undefined variable: name in E:\WebCode\MainProjects\OSPanel\domains\Razumenko-AV.loc\catalog\view\theme\remprof\template\common\home.tpl on line 5
2019-01-26 22:53:20 - PHP Notice:  Undefined variable: name in E:\WebCode\MainProjects\OSPanel\domains\Razumenko-AV.loc\catalog\view\theme\remprof\template\common\home.tpl on line 5
2019-01-26 22:53:20 - PHP Notice:  Undefined variable: name in E:\WebCode\MainProjects\OSPanel\domains\Razumenko-AV.loc\catalog\view\theme\remprof\template\common\home.tpl on line 5
2019-01-26 22:54:35 - PHP Notice:  Undefined variable: name in E:\WebCode\MainProjects\OSPanel\domains\Razumenko-AV.loc\catalog\view\theme\remprof\template\common\home.tpl on line 5
2019-01-26 22:54:35 - PHP Notice:  Undefined variable: name in E:\WebCode\MainProjects\OSPanel\domains\Razumenko-AV.loc\catalog\view\theme\remprof\template\common\home.tpl on line 5
2019-01-26 22:57:00 - PHP Notice:  Undefined variable: name in E:\WebCode\MainProjects\OSPanel\domains\Razumenko-AV.loc\catalog\view\theme\remprof\template\common\home.tpl on line 5
2019-01-26 22:57:00 - PHP Notice:  Undefined variable: name in E:\WebCode\MainProjects\OSPanel\domains\Razumenko-AV.loc\catalog\view\theme\remprof\template\common\home.tpl on line 5
2019-01-26 23:00:07 - PHP Notice:  Undefined variable: name in E:\WebCode\MainProjects\OSPanel\domains\Razumenko-AV.loc\catalog\view\theme\remprof\template\common\home.tpl on line 5
2019-01-26 23:00:07 - PHP Notice:  Undefined variable: name in E:\WebCode\MainProjects\OSPanel\domains\Razumenko-AV.loc\catalog\view\theme\remprof\template\common\home.tpl on line 5
2019-01-26 23:00:37 - PHP Notice:  Undefined variable: name in E:\WebCode\MainProjects\OSPanel\domains\Razumenko-AV.loc\catalog\view\theme\remprof\template\common\home.tpl on line 5
2019-01-26 23:00:37 - PHP Notice:  Undefined variable: name in E:\WebCode\MainProjects\OSPanel\domains\Razumenko-AV.loc\catalog\view\theme\remprof\template\common\home.tpl on line 5
